2023-01-12 13:28:53,551 [INFO] 20640 25240 D:\Anaconda3\lib\site-packages\django\utils\autoreload.py:677 Watching for file changes with StatReloader
2023-01-12 13:29:53,787 [INFO] 20640 25240 D:\Anaconda3\lib\site-packages\django\utils\autoreload.py:266 D:\vscode\imgsite\img\views.py changed, reloading.
2023-01-12 13:29:54,351 [INFO] 12008 24264 D:\Anaconda3\lib\site-packages\django\utils\autoreload.py:677 Watching for file changes with StatReloader
2023-01-12 13:29:57,682 [INFO] 12008 24264 D:\Anaconda3\lib\site-packages\django\utils\autoreload.py:266 D:\vscode\imgsite\img\views.py changed, reloading.
2023-01-12 13:29:58,238 [INFO] 26076 6304 D:\Anaconda3\lib\site-packages\django\utils\autoreload.py:677 Watching for file changes with StatReloader
2023-01-12 13:30:07,859 [INFO] 26076 6304 D:\Anaconda3\lib\site-packages\django\utils\autoreload.py:266 D:\vscode\imgsite\img\views.py changed, reloading.
2023-01-12 13:30:08,426 [INFO] 26188 25740 D:\Anaconda3\lib\site-packages\django\utils\autoreload.py:677 Watching for file changes with StatReloader
2023-01-12 13:31:24,927 [INFO] 26188 25740 D:\Anaconda3\lib\site-packages\django\utils\autoreload.py:266 D:\vscode\imgsite\img\views.py changed, reloading.
2023-01-12 13:31:25,481 [INFO] 22424 12916 D:\Anaconda3\lib\site-packages\django\utils\autoreload.py:677 Watching for file changes with StatReloader
2023-01-12 13:31:30,858 [INFO] 22424 12916 D:\Anaconda3\lib\site-packages\django\utils\autoreload.py:266 D:\vscode\imgsite\img\views.py changed, reloading.
2023-01-12 13:31:31,419 [INFO] 5136 19564 D:\Anaconda3\lib\site-packages\django\utils\autoreload.py:677 Watching for file changes with StatReloader
2023-01-12 13:31:44,033 [INFO] 5136 19564 D:\Anaconda3\lib\site-packages\django\utils\autoreload.py:266 D:\vscode\imgsite\img\views.py changed, reloading.
2023-01-12 13:31:44,579 [INFO] 19400 15428 D:\Anaconda3\lib\site-packages\django\utils\autoreload.py:677 Watching for file changes with StatReloader
2023-01-12 13:31:55,635 [INFO] 19400 19748 D:\Anaconda3\lib\site-packages\django\core\servers\basehttp.py:187 "GET /blog HTTP/1.1" 200 1769
2023-01-12 13:32:25,204 [INFO] 19400 15428 D:\Anaconda3\lib\site-packages\django\utils\autoreload.py:266 D:\vscode\imgsite\img\views.py changed, reloading.
2023-01-12 13:32:25,782 [INFO] 23520 5756 D:\Anaconda3\lib\site-packages\django\utils\autoreload.py:677 Watching for file changes with StatReloader
2023-01-12 13:37:52,399 [INFO] 23520 5756 D:\Anaconda3\lib\site-packages\django\utils\autoreload.py:266 D:\vscode\imgsite\img\views.py changed, reloading.
2023-01-12 13:37:52,981 [INFO] 21628 8208 D:\Anaconda3\lib\site-packages\django\utils\autoreload.py:677 Watching for file changes with StatReloader
2023-01-12 13:38:21,187 [INFO] 21628 8208 D:\Anaconda3\lib\site-packages\django\utils\autoreload.py:266 D:\vscode\imgsite\img\views.py changed, reloading.
2023-01-12 13:38:21,741 [INFO] 25696 24904 D:\Anaconda3\lib\site-packages\django\utils\autoreload.py:677 Watching for file changes with StatReloader
2023-01-12 13:38:42,708 [INFO] 25696 24904 D:\Anaconda3\lib\site-packages\django\utils\autoreload.py:266 D:\vscode\imgsite\img\views.py changed, reloading.
2023-01-12 13:38:43,257 [INFO] 16172 332 D:\Anaconda3\lib\site-packages\django\utils\autoreload.py:677 Watching for file changes with StatReloader
2023-01-12 13:38:46,616 [INFO] 16172 332 D:\Anaconda3\lib\site-packages\django\utils\autoreload.py:266 D:\vscode\imgsite\img\views.py changed, reloading.
2023-01-12 13:38:47,181 [INFO] 18804 23664 D:\Anaconda3\lib\site-packages\django\utils\autoreload.py:677 Watching for file changes with StatReloader
2023-01-12 13:38:57,713 [INFO] 18804 23664 D:\Anaconda3\lib\site-packages\django\utils\autoreload.py:266 D:\vscode\imgsite\img\views.py changed, reloading.
2023-01-12 13:38:58,263 [INFO] 26496 17952 D:\Anaconda3\lib\site-packages\django\utils\autoreload.py:677 Watching for file changes with StatReloader
2023-01-12 13:39:12,997 [INFO] 26496 17952 D:\Anaconda3\lib\site-packages\django\utils\autoreload.py:266 D:\vscode\imgsite\img\views.py changed, reloading.
2023-01-12 13:39:13,553 [INFO] 26040 5104 D:\Anaconda3\lib\site-packages\django\utils\autoreload.py:677 Watching for file changes with StatReloader
2023-01-12 13:40:31,543 [INFO] 26040 5104 D:\Anaconda3\lib\site-packages\django\utils\autoreload.py:266 D:\vscode\imgsite\img\views.py changed, reloading.
2023-01-12 13:40:32,093 [INFO] 17780 26128 D:\Anaconda3\lib\site-packages\django\utils\autoreload.py:677 Watching for file changes with StatReloader
2023-01-12 13:40:44,816 [INFO] 17780 26128 D:\Anaconda3\lib\site-packages\django\utils\autoreload.py:266 D:\vscode\imgsite\img\views.py changed, reloading.
2023-01-12 13:40:45,375 [INFO] 25048 19332 D:\Anaconda3\lib\site-packages\django\utils\autoreload.py:677 Watching for file changes with StatReloader
2023-01-12 13:40:51,800 [INFO] 25048 19332 D:\Anaconda3\lib\site-packages\django\utils\autoreload.py:266 D:\vscode\imgsite\img\views.py changed, reloading.
2023-01-12 13:40:52,371 [INFO] 8340 22864 D:\Anaconda3\lib\site-packages\django\utils\autoreload.py:677 Watching for file changes with StatReloader
2023-01-12 13:40:55,186 [ERROR] 8340 25528 D:\Anaconda3\lib\site-packages\django\utils\log.py:241 Internal Server Error: /blog
Traceback (most recent call last):
  File "D:\Anaconda3\lib\site-packages\django\db\backends\utils.py", line 87, in _execute
    return self.cursor.execute(sql)
  File "D:\Anaconda3\lib\site-packages\django\db\backends\mysql\base.py", line 75, in execute
    return self.cursor.execute(query, args)
  File "D:\Anaconda3\lib\site-packages\MySQLdb\cursors.py", line 206, in execute
    res = self._query(query)
  File "D:\Anaconda3\lib\site-packages\MySQLdb\cursors.py", line 319, in _query
    db.query(q)
  File "D:\Anaconda3\lib\site-packages\MySQLdb\connections.py", line 254, in query
    _mysql.connection.query(self, query)
MySQLdb._exceptions.OperationalError: (1054, "Unknown column 'b.category' in 'on clause'")

The above exception was the direct cause of the following exception:

Traceback (most recent call last):
  File "D:\Anaconda3\lib\site-packages\django\core\handlers\exception.py", line 55, in inner
    response = get_response(request)
  File "D:\Anaconda3\lib\site-packages\django\core\handlers\base.py", line 197, in _get_response
    response = wrapped_callback(request, *callback_args, **callback_kwargs)
  File "D:\Anaconda3\lib\site-packages\django\views\generic\base.py", line 103, in view
    return self.dispatch(request, *args, **kwargs)
  File "D:\Anaconda3\lib\site-packages\django\views\generic\base.py", line 142, in dispatch
    return handler(request, *args, **kwargs)
  File "d:\vscode\imgsite\img\views.py", line 47, in get
    blog_list = db.execute(sql)
  File "d:\vscode\imgsite\db\db_connect.py", line 13, in execute
    cursor.execute(sql)
  File "D:\Anaconda3\lib\site-packages\django\db\backends\utils.py", line 103, in execute
    return super().execute(sql, params)
  File "D:\Anaconda3\lib\site-packages\django\db\backends\utils.py", line 67, in execute
    return self._execute_with_wrappers(
  File "D:\Anaconda3\lib\site-packages\django\db\backends\utils.py", line 80, in _execute_with_wrappers
    return executor(sql, params, many, context)
  File "D:\Anaconda3\lib\site-packages\django\db\backends\utils.py", line 89, in _execute
    return self.cursor.execute(sql, params)
  File "D:\Anaconda3\lib\site-packages\django\db\utils.py", line 91, in __exit__
    raise dj_exc_value.with_traceback(traceback) from exc_value
  File "D:\Anaconda3\lib\site-packages\django\db\backends\utils.py", line 87, in _execute
    return self.cursor.execute(sql)
  File "D:\Anaconda3\lib\site-packages\django\db\backends\mysql\base.py", line 75, in execute
    return self.cursor.execute(query, args)
  File "D:\Anaconda3\lib\site-packages\MySQLdb\cursors.py", line 206, in execute
    res = self._query(query)
  File "D:\Anaconda3\lib\site-packages\MySQLdb\cursors.py", line 319, in _query
    db.query(q)
  File "D:\Anaconda3\lib\site-packages\MySQLdb\connections.py", line 254, in query
    _mysql.connection.query(self, query)
django.db.utils.OperationalError: (1054, "Unknown column 'b.category' in 'on clause'")
2023-01-12 13:40:55,189 [ERROR] 8340 25528 D:\Anaconda3\lib\site-packages\django\core\servers\basehttp.py:187 "GET /blog HTTP/1.1" 500 145333
2023-01-12 13:42:50,957 [INFO] 8340 22864 D:\Anaconda3\lib\site-packages\django\utils\autoreload.py:266 D:\vscode\imgsite\img\views.py changed, reloading.
2023-01-12 13:42:51,514 [INFO] 24100 23992 D:\Anaconda3\lib\site-packages\django\utils\autoreload.py:677 Watching for file changes with StatReloader
2023-01-12 13:43:01,010 [INFO] 24100 23992 D:\Anaconda3\lib\site-packages\django\utils\autoreload.py:266 D:\vscode\imgsite\img\views.py changed, reloading.
2023-01-12 13:43:01,586 [INFO] 22476 21016 D:\Anaconda3\lib\site-packages\django\utils\autoreload.py:677 Watching for file changes with StatReloader
2023-01-12 13:43:04,589 [INFO] 22476 22892 D:\Anaconda3\lib\site-packages\django\core\servers\basehttp.py:187 "GET /blog HTTP/1.1" 200 1769
2023-01-12 13:46:27,122 [INFO] 22476 22892 D:\Anaconda3\lib\site-packages\django\core\servers\basehttp.py:187 "GET /blog HTTP/1.1" 200 2405
2023-01-12 13:47:02,109 [INFO] 22476 22892 D:\Anaconda3\lib\site-packages\django\core\servers\basehttp.py:187 "GET /blog HTTP/1.1" 200 2447
2023-01-12 13:47:02,144 [WARNING] 22476 23732 D:\Anaconda3\lib\site-packages\django\utils\log.py:241 Not Found: /8ae0b4e98cd0e4e0a1947456ea804f1b.jpg
2023-01-12 13:47:02,146 [WARNING] 22476 22892 D:\Anaconda3\lib\site-packages\django\utils\log.py:241 Not Found: /keiarai_gLtNuwB.png
2023-01-12 13:47:02,146 [WARNING] 22476 23732 D:\Anaconda3\lib\site-packages\django\core\servers\basehttp.py:187 "GET /8ae0b4e98cd0e4e0a1947456ea804f1b.jpg HTTP/1.1" 404 3021
2023-01-12 13:47:02,146 [WARNING] 22476 22892 D:\Anaconda3\lib\site-packages\django\core\servers\basehttp.py:187 "GET /keiarai_gLtNuwB.png HTTP/1.1" 404 2970
2023-01-12 13:47:02,267 [WARNING] 22476 22892 D:\Anaconda3\lib\site-packages\django\utils\log.py:241 Not Found: /Abstract-flower-balls-3D-rendering_1920x1080.jpg
2023-01-12 13:47:02,267 [WARNING] 22476 22892 D:\Anaconda3\lib\site-packages\django\core\servers\basehttp.py:187 "GET /Abstract-flower-balls-3D-rendering_1920x1080.jpg HTTP/1.1" 404 3057
2023-01-12 13:47:25,395 [INFO] 22476 22892 D:\Anaconda3\lib\site-packages\django\core\servers\basehttp.py:187 "GET /blog HTTP/1.1" 200 2468
2023-01-12 13:47:25,423 [INFO] 22476 23732 D:\Anaconda3\lib\site-packages\django\core\servers\basehttp.py:187 "GET /media/8ae0b4e98cd0e4e0a1947456ea804f1b.jpg HTTP/1.1" 200 10376
2023-01-12 13:47:25,425 [INFO] 22476 22892 D:\Anaconda3\lib\site-packages\django\core\servers\basehttp.py:187 "GET /media/keiarai_gLtNuwB.png HTTP/1.1" 200 244058
2023-01-12 13:47:25,544 [INFO] 22476 22892 D:\Anaconda3\lib\site-packages\django\core\servers\basehttp.py:187 "GET /media/Abstract-flower-balls-3D-rendering_1920x1080.jpg HTTP/1.1" 200 223870
2023-01-12 13:47:55,655 [INFO] 22476 22892 D:\Anaconda3\lib\site-packages\django\core\servers\basehttp.py:187 "GET /blog HTTP/1.1" 200 2528
2023-01-12 13:47:55,685 [INFO] 22476 22892 D:\Anaconda3\lib\site-packages\django\core\servers\basehttp.py:187 "GET /media/keiarai_gLtNuwB.png HTTP/1.1" 200 244058
2023-01-12 13:47:55,688 [INFO] 22476 23732 D:\Anaconda3\lib\site-packages\django\core\servers\basehttp.py:187 "GET /media/8ae0b4e98cd0e4e0a1947456ea804f1b.jpg HTTP/1.1" 200 10376
2023-01-12 13:47:55,810 [INFO] 22476 23732 D:\Anaconda3\lib\site-packages\django\core\servers\basehttp.py:187 "GET /media/Abstract-flower-balls-3D-rendering_1920x1080.jpg HTTP/1.1" 200 223870
2023-01-12 13:48:35,050 [INFO] 22476 23732 D:\Anaconda3\lib\site-packages\django\core\servers\basehttp.py:187 "GET /blog HTTP/1.1" 200 2547
2023-01-12 13:48:35,081 [INFO] 22476 23732 D:\Anaconda3\lib\site-packages\django\core\servers\basehttp.py:187 "GET /media/keiarai_gLtNuwB.png HTTP/1.1" 200 244058
2023-01-12 13:48:35,084 [INFO] 22476 22892 D:\Anaconda3\lib\site-packages\django\core\servers\basehttp.py:187 "GET /media/8ae0b4e98cd0e4e0a1947456ea804f1b.jpg HTTP/1.1" 200 10376
2023-01-12 13:48:35,206 [INFO] 22476 22892 D:\Anaconda3\lib\site-packages\django\core\servers\basehttp.py:187 "GET /media/Abstract-flower-balls-3D-rendering_1920x1080.jpg HTTP/1.1" 200 223870
2023-01-12 13:48:43,470 [INFO] 22476 22892 D:\Anaconda3\lib\site-packages\django\core\servers\basehttp.py:187 "GET /blog HTTP/1.1" 200 2549
2023-01-12 13:48:43,486 [INFO] 22476 23732 D:\Anaconda3\lib\site-packages\django\core\servers\basehttp.py:187 "GET /media/8ae0b4e98cd0e4e0a1947456ea804f1b.jpg HTTP/1.1" 200 10376
2023-01-12 13:48:43,487 [INFO] 22476 22892 D:\Anaconda3\lib\site-packages\django\core\servers\basehttp.py:187 "GET /media/keiarai_gLtNuwB.png HTTP/1.1" 200 244058
2023-01-12 13:48:43,608 [INFO] 22476 22892 D:\Anaconda3\lib\site-packages\django\core\servers\basehttp.py:187 "GET /media/Abstract-flower-balls-3D-rendering_1920x1080.jpg HTTP/1.1" 200 223870
2023-01-12 13:49:31,978 [INFO] 22476 21016 D:\Anaconda3\lib\site-packages\django\utils\autoreload.py:266 D:\vscode\imgsite\img\views.py changed, reloading.
2023-01-12 13:49:32,545 [INFO] 20944 14596 D:\Anaconda3\lib\site-packages\django\utils\autoreload.py:677 Watching for file changes with StatReloader
2023-01-12 13:49:44,206 [INFO] 20944 14596 D:\Anaconda3\lib\site-packages\django\utils\autoreload.py:266 D:\vscode\imgsite\img\views.py changed, reloading.
2023-01-12 13:49:44,768 [INFO] 26000 16836 D:\Anaconda3\lib\site-packages\django\utils\autoreload.py:677 Watching for file changes with StatReloader
2023-01-12 13:49:46,071 [INFO] 26000 16836 D:\Anaconda3\lib\site-packages\django\utils\autoreload.py:266 D:\vscode\imgsite\img\views.py changed, reloading.
2023-01-12 13:49:46,623 [INFO] 22168 22776 D:\Anaconda3\lib\site-packages\django\utils\autoreload.py:677 Watching for file changes with StatReloader
2023-01-12 13:49:49,538 [INFO] 22168 22680 D:\Anaconda3\lib\site-packages\django\core\servers\basehttp.py:187 "GET /blog HTTP/1.1" 200 2549
2023-01-12 13:49:49,569 [INFO] 22168 22680 D:\Anaconda3\lib\site-packages\django\core\servers\basehttp.py:187 "GET /media/keiarai_gLtNuwB.png HTTP/1.1" 200 244058
2023-01-12 13:49:49,577 [INFO] 22168 24504 D:\Anaconda3\lib\site-packages\django\core\servers\basehttp.py:187 "GET /media/8ae0b4e98cd0e4e0a1947456ea804f1b.jpg HTTP/1.1" 200 10376
2023-01-12 13:49:49,692 [INFO] 22168 24504 D:\Anaconda3\lib\site-packages\django\core\servers\basehttp.py:187 "GET /media/Abstract-flower-balls-3D-rendering_1920x1080.jpg HTTP/1.1" 200 223870
2023-01-12 13:50:22,215 [INFO] 22168 22776 D:\Anaconda3\lib\site-packages\django\utils\autoreload.py:266 D:\vscode\imgsite\img\views.py changed, reloading.
2023-01-12 13:50:22,803 [INFO] 19852 24672 D:\Anaconda3\lib\site-packages\django\utils\autoreload.py:677 Watching for file changes with StatReloader
